app/build/intermediates/manifest_merge_blame_file/debug/manifest-merger-blame-debug-report.txt
1<?xml version="1.0" encoding="utf-8"?>
2<manifest xmlns:android="http://schemas.android.com/apk/res/android"
3    package="com.pacewisdom.contactsapp"
4    android:versionCode="1"
5    android:versionName="1.0" >
6
7    <uses-sdk
8        android:minSdkVersion="17"
8-->src\main\AndroidManifest.xml
9        android:targetSdkVersion="30" />
9-->src\main\AndroidManifest.xml
10
11    <uses-permission android:name="android.permission.WRITE_CONTACTS" />
11-->src\main\AndroidManifest.xml:5:5-73
11-->src\main\AndroidManifest.xml:5:22-70
12    <uses-permission android:name="android.permission.READ_CONTACTS" />
12-->src\main\AndroidManifest.xml:6:5-72
12-->src\main\AndroidManifest.xml:6:22-69
13
14    <application
14-->src\main\AndroidManifest.xml:8:5-32:19
15        android:allowBackup="true"
15-->src\main\AndroidManifest.xml:9:9-35
16        android:appComponentFactory="androidx.core.app.CoreComponentFactory"
16-->[androidx.core:core:1.3.1] AndroidManifest.xml:24:18-86
17        android:debuggable="true"
18        android:icon="@mipmap/ic_launcher"
18-->src\main\AndroidManifest.xml:10:9-43
19        android:label="@string/app_name"
19-->src\main\AndroidManifest.xml:11:9-41
20        android:roundIcon="@mipmap/ic_launcher_round"
20-->src\main\AndroidManifest.xml:12:9-54
21        android:supportsRtl="true"
21-->src\main\AndroidManifest.xml:13:9-35
22        android:testOnly="true"
23        android:theme="@style/AppTheme" >
23-->src\main\AndroidManifest.xml:14:9-40
24        <activity
24-->src\main\AndroidManifest.xml:15:9-23:20
25            android:name="com.pacewisdom.contactsapp.ui.SplashScreenActivity"
25-->src\main\AndroidManifest.xml:16:13-52
26            android:screenOrientation="portrait" >
26-->src\main\AndroidManifest.xml:17:13-49
27            <intent-filter>
27-->src\main\AndroidManifest.xml:18:13-22:29
28                <action android:name="android.intent.action.MAIN" />
28-->src\main\AndroidManifest.xml:19:17-69
28-->src\main\AndroidManifest.xml:19:25-66
29
30                <category android:name="android.intent.category.LAUNCHER" />
30-->src\main\AndroidManifest.xml:21:17-77
30-->src\main\AndroidManifest.xml:21:27-74
31            </intent-filter>
32        </activity>
33        <activity
33-->src\main\AndroidManifest.xml:24:9-26:61
34            android:name="com.pacewisdom.contactsapp.ui.ContactListActivity"
34-->src\main\AndroidManifest.xml:25:13-51
35            android:screenOrientation="portrait" />
35-->src\main\AndroidManifest.xml:26:13-49
36        <activity
36-->src\main\AndroidManifest.xml:28:9-30:61
37            android:name="com.pacewisdom.contactsapp.ui.AddNewContactActivity"
37-->src\main\AndroidManifest.xml:29:13-53
38            android:screenOrientation="portrait" />
38-->src\main\AndroidManifest.xml:30:13-49
39    </application>
40
41</manifest>